
-----------------
DIRB v2.22    
By The Dark Raver
-----------------

OUTPUT_FILE: dirb.out
START_TIME: Tue Apr  9 16:21:17 2019
URL_BASE: http://10.10.10.13/
WORDLIST_FILES: /usr/share/wordlists/dirb/common.txt

-----------------

GENERATED WORDS: 4612

---- Scanning URL: http://10.10.10.13/ ----
+ http://10.10.10.13/index.html (CODE:200|SIZE:12454)
+ http://10.10.10.13/server-status (CODE:403|SIZE:299)

-----------------
END_TIME: Tue Apr  9 16:24:48 2019
DOWNLOADED: 4612 - FOUND: 2

-----------------
DIRB v2.22    
By The Dark Raver
-----------------

OUTPUT_FILE: dirb.out
START_TIME: Tue Apr  9 16:25:08 2019
URL_BASE: http://10.10.10.13/
WORDLIST_FILES: /usr/share/wordlists/dirb/big.txt

-----------------

GENERATED WORDS: 20458

---- Scanning URL: http://10.10.10.13/ ----

-----------------
DIRB v2.22    
By The Dark Raver
-----------------

OUTPUT_FILE: dirb.out
START_TIME: Tue Apr  9 16:33:08 2019
URL_BASE: http://cronos.htb/
WORDLIST_FILES: /usr/share/wordlists/dirb/common.txt

-----------------

GENERATED WORDS: 4612

---- Scanning URL: http://cronos.htb/ ----
